POI: stoke newington
     olympic 80
     hackney 75
     newsagent 70
     remove 55
     live 45
POI: stamford hill
     lol 35
     pack 35
     round 35
     hill 30
     near 30
POI: oxford circus
     topshop 35
     around 30
     today 30
     air 25
     i'm 25
POI: charing cross
     station 100
     train 65
     2 60
     i'm 45
     15th, 40
POI: covent garden
     london 55
     chanel 35
     one 30
     went 30
     pop-up 25
POI: trafalgar square
     square, 65
     london 55
     touchme 50
     times 35
     cairo 30
POI: notting hill gate
     w11. 55
     along 50
     forecast 50
     latest 50
     london, 50
POI: picadilly circus
     http://t.co/ddkwmxyu 260
     en 85
     fan 80
     londres, 80
     poncho 80
POI: hyde park corner
     friday 305
     olympic 240
     27th 170
     demonstration 145
     lanes 140
